16/08/2019 00:04:09: TstStatus: ERROR: VERIFICATION FAILED :: +Element is not clickable
16/08/2019 00:04:10: TstStatus: INFO: Screenshot saved in file :C:\Users\Desktop\PycharmProjects\letskodeit\base\../screenshots/Element is not clickable.1565906649845.png
16/08/2019 00:04:10: TstStatus: ERROR: test_confirm_buttonTEST FAILED
